Arguments: 
  C:\Program Files\nodejs\node.exe C:\Program Files (x86)\Yarn\bin\yarn.js

PATH: 
  C:\Program Files\Git\mingw64\bin;C:\Program Files\Git\usr\bin;C:\Users\Obrazcoff\bin;C:\Python310\Scripts;C:\Python310;C:\Python27;C:\Python27\Scripts;C:\Program Files (x86)\Common Files\Oracle\Java\javapath;C:\WINDOWS\system32;C:\WINDOWS;C:\WINDOWS\System32\Wbem;C:\WINDOWS\System32\WindowsPowerShell\v1.0;C:\Go\bin;C:\Program Files\Git\cmd;C:\ProgramData\chocolatey\bin;C:\Program Files\Amazon\AWSCLI;C:\Python27;C:\Program Files (x86)\Microsoft Visual Studio\2017\BuildTools\MSBuild\15.0\Bin;C:\Program Files (x86)\MSBuild\14.0\Bin;C:\Program Files\dotnet;C:\WINDOWS\System32\OpenSSH;C:\Program Files (x86)\NVIDIA Corporation\PhysX\Common;C:\Users\Obrazcoff\AppData\Local\Programs\Python\Python36-32\Scripts;C:\Users\Obrazcoff\AppData\Local\Programs\Python\Python36-32;C:\Users\Obrazcoff\AppData\Local\Microsoft\WindowsApps;C:\Program Files\Microsoft VS Code\bin;D:\Work\Aitlot\2018\2018-07-16;C:\Program Files (x86)\Kubernetes\Minikube;C:\Geth;C:\Users\Obrazcoff\AppData\Local\Android\Sdk\platform-tools;C:\Program Files\Java\jdk1.8.0_181\bin;C:\Program Files\PuTTY;C:\Program Files\NVIDIA Corporation\NVIDIA NvDLISR;C:\Program Files\CMake\bin;C:\OSPanel\modules\php\PHP-7.1-x64;C:\ProgramData\ComposerSetup\bin;C:\Program Files\Microsoft SQL Server\130\Tools\Binn;C:\Program Files (x86)\Yarn\bin;C:\WINDOWS\system32;C:\WINDOWS;C:\WINDOWS\System32\Wbem;C:\WINDOWS\System32\WindowsPowerShell\v1.0;C:\WINDOWS\System32\OpenSSH;C:\Users\Obrazcoff\AppData\Roaming\nvm;C:\Program Files\nodejs;C:\Program Files\nodejs;C:\Program Files\PostgreSQL\10\bin;C:\Program Files\PostgreSQL\10\lib;C:\Users\Obrazcoff\AppData\Local\Programs\Microsoft VS Code\bin;C:\Users\Obrazcoff\AppData\Local\Android\Sdk\tools;C:\Users\Obrazcoff\AppData\Local\Android\Sdk\tools\bin;C:\Users\Obrazcoff\AppData\Roaming\Composer\vendor\bin;C:\Users\Obrazcoff\AppData\Local\Yarn\bin;C:\Program Files (x86)\GitHub CLI;C:\Users\Obrazcoff\AppData\Roaming\nvm;C:\Users\Obrazcoff\AppData\Roaming\npm

Yarn version: 
  1.22.5

Node version: 
  16.13.0

Platform: 
  win32 x64

Trace: 
  Error: https://registry.yarnpkg.com/git%20config%20--local%20user.name: Not found
      at Request.params.callback [as _callback] (C:\Program Files (x86)\Yarn\lib\cli.js:66097:18)
      at Request.self.callback (C:\Program Files (x86)\Yarn\lib\cli.js:140749:22)
      at Request.emit (node:events:390:28)
      at Request.<anonymous> (C:\Program Files (x86)\Yarn\lib\cli.js:141721:10)
      at Request.emit (node:events:390:28)
      at IncomingMessage.<anonymous> (C:\Program Files (x86)\Yarn\lib\cli.js:141643:12)
      at Object.onceWrapper (node:events:509:28)
      at IncomingMessage.emit (node:events:402:35)
      at endReadableNT (node:internal/streams/readable:1343:12)
      at processTicksAndRejections (node:internal/process/task_queues:83:21)

npm manifest: 
  {
    "name": "repo-list-app",
    "version": "0.1.0",
    "private": true,
    "dependencies": {
      "@testing-library/jest-dom": "^5.11.4",
      "@testing-library/react": "^11.1.0",
      "@testing-library/user-event": "^12.1.10",
      "react": "^17.0.2",
      "react-dom": "^17.0.2",
      "git config --local user.name": "^3.31.0",
      "react-scripts": "4.0.3",
      "styled-components": "^5.3.3",
      "web-vitals": "^1.0.1"
    },
    "scripts": {
      "predeploy": "react-scripts build",
      "deploy": "gh-pages -d build",
      "start": "react-scripts start",
      "build": "react-scripts build",
      "test": "react-scripts test",
      "eject": "react-scripts eject"
    },
    "eslintConfig": {
      "extends": [
        "react-app",
        "react-app/jest"
      ]
    },
    "browserslist": {
      "production": [
        ">0.2%",
        "not dead",
        "not op_mini all"
      ],
      "development": [
        "last 1 chrome version",
        "last 1 firefox version",
        "last 1 safari version"
      ]
    },
    "resolutions": {
      "styled-components": "^5"
    }
  }

yarn manifest: 
  No manifest

Lockfile: 
  No lockfile
